<?xml version="1.0" encoding="UTF-8"?>
<!-- Generated by org.testng.reporters.JUnitReportReporter -->
<testsuite hostname="LAPTOP-BKFOAL1M" failures="0" tests="1" name="TestLayer.RegisterUserPageTest" time="12.117" errors="0" timestamp="2023-07-21T10:12:35 IST" skipped="0">
  <testcase classname="TestLayer.RegisterUserPageTest" name="validateRegisterUserFun" time="12.117"/>
  <system-out/>
</testsuite> <!-- TestLayer.RegisterUserPageTest -->
